<?xml version="1.0" encoding="UTF-8"?>
<coverage generated="1732917410163" clover="3.2.0">
  <project timestamp="1732917410163" name="All files">
    <metrics statements="30" coveredstatements="26" conditionals="13" coveredconditionals="8" methods="7" coveredmethods="5" elements="50" coveredelements="39" complexity="0" loc="30" ncloc="30" packages="2" files="4" classes="4"/>
    <package name="handlers">
      <metrics statements="21" coveredstatements="19" conditionals="3" coveredconditionals="2" methods="4" coveredmethods="4"/>
      <file name="getNotifications.ts" path="/Users/anfegu/Documents/Celerik/returned-notification-lambda-service/source/handlers/getNotifications.ts">
        <metrics statements="8" coveredstatements="6" conditionals="0" coveredconditionals="0" methods="2" coveredmethods="2"/>
        <line num="2" count="1" type="stmt"/>
        <line num="4" count="1" type="stmt"/>
        <line num="5" count="1" type="stmt"/>
        <line num="6" count="1" type="stmt"/>
        <line num="12" count="1" type="stmt"/>
        <line num="14" count="1" type="stmt"/>
        <line num="19" count="0" type="stmt"/>
        <line num="20" count="0" type="stmt"/>
      </file>
      <file name="processNotification.ts" path="/Users/anfegu/Documents/Celerik/returned-notification-lambda-service/source/handlers/processNotification.ts">
        <metrics statements="13" coveredstatements="13" conditionals="3" coveredconditionals="2" methods="2" coveredmethods="2"/>
        <line num="2" count="1" type="stmt"/>
        <line num="3" count="1" type="stmt"/>
        <line num="5" count="3" type="stmt"/>
        <line num="6" count="3" type="stmt"/>
        <line num="7" count="3" type="cond" truecount="1" falsecount="1"/>
        <line num="10" count="2" type="stmt"/>
        <line num="11" count="2" type="cond" truecount="1" falsecount="0"/>
        <line num="12" count="1" type="stmt"/>
        <line num="13" count="1" type="stmt"/>
        <line num="20" count="1" type="stmt"/>
        <line num="21" count="1" type="stmt"/>
        <line num="26" count="1" type="stmt"/>
        <line num="27" count="1" type="stmt"/>
      </file>
    </package>
    <package name="utils">
      <metrics statements="9" coveredstatements="7" conditionals="10" coveredconditionals="6" methods="3" coveredmethods="1"/>
      <file name="logger.ts" path="/Users/anfegu/Documents/Celerik/returned-notification-lambda-service/source/utils/logger.ts">
        <metrics statements="3" coveredstatements="1" conditionals="4" coveredconditionals="0" methods="2" coveredmethods="0"/>
        <line num="1" count="2" type="stmt"/>
        <line num="3" count="0" type="cond" truecount="0" falsecount="2"/>
        <line num="6" count="0" type="cond" truecount="0" falsecount="2"/>
      </file>
      <file name="validatePayload.ts" path="/Users/anfegu/Documents/Celerik/returned-notification-lambda-service/source/utils/validatePayload.ts">
        <metrics statements="6" coveredstatements="6" conditionals="6" coveredconditionals="6" methods="1" coveredmethods="1"/>
        <line num="1" count="2" type="stmt"/>
        <line num="2" count="4" type="cond" truecount="3" falsecount="0"/>
        <line num="3" count="2" type="stmt"/>
        <line num="5" count="2" type="cond" truecount="3" falsecount="0"/>
        <line num="6" count="1" type="stmt"/>
        <line num="8" count="1" type="stmt"/>
      </file>
    </package>
  </project>
</coverage>
