{"/Users/anfegu/Documents/Celerik/returned-notification-lambda-service/source/handlers/getNotifications.ts": {"path":"/Users/anfegu/Documents/Celerik/returned-notification-lambda-service/source/handlers/getNotifications.ts","statementMap":{"0":{"start":{"line":2,"column":0},"end":{"line":2,"column":41}},"1":{"start":{"line":4,"column":32},"end":{"line":25,"column":2}},"2":{"start":{"line":4,"column":102},"end":{"line":25,"column":2}},"3":{"start":{"line":5,"column":2},"end":{"line":24,"column":3}},"4":{"start":{"line":6,"column":30},"end":{"line":9,"column":6}},"5":{"start":{"line":12,"column":4},"end":{"line":12,"column":62}},"6":{"start":{"line":14,"column":4},"end":{"line":17,"column":6}},"7":{"start":{"line":19,"column":4},"end":{"line":19,"column":57}},"8":{"start":{"line":20,"column":4},"end":{"line":23,"column":6}},"9":{"start":{"line":4,"column":13},"end":{"line":4,"column":32}}},"fnMap":{"0":{"name":"(anonymous_7)","decl":{"start":{"line":4,"column":32},"end":{"line":4,"column":39}},"loc":{"start":{"line":4,"column":102},"end":{"line":25,"column":2}}},"1":{"name":"(anonymous_8)","decl":{"start":{"line":4,"column":102},"end":{"line":4,"column":null}},"loc":{"start":{"line":4,"column":102},"end":{"line":25,"column":1}}}},"branchMap":{},"s":{"0":1,"1":1,"2":1,"3":1,"4":1,"5":1,"6":1,"7":0,"8":0,"9":1},"f":{"0":1,"1":1},"b":{}}
,"/Users/anfegu/Documents/Celerik/returned-notification-lambda-service/source/handlers/processNotification.ts": {"path":"/Users/anfegu/Documents/Celerik/returned-notification-lambda-service/source/handlers/processNotification.ts","statementMap":{"0":{"start":{"line":2,"column":0},"end":{"line":2,"column":71}},"1":{"start":{"line":3,"column":0},"end":{"line":3,"column":41}},"2":{"start":{"line":5,"column":35},"end":{"line":32,"column":2}},"3":{"start":{"line":5,"column":105},"end":{"line":32,"column":2}},"4":{"start":{"line":6,"column":2},"end":{"line":31,"column":3}},"5":{"start":{"line":7,"column":25},"end":{"line":7,"column":55}},"6":{"start":{"line":10,"column":28},"end":{"line":10,"column":69}},"7":{"start":{"line":11,"column":4},"end":{"line":17,"column":5}},"8":{"start":{"line":12,"column":6},"end":{"line":12,"column":70}},"9":{"start":{"line":13,"column":6},"end":{"line":16,"column":8}},"10":{"start":{"line":20,"column":4},"end":{"line":20,"column":58}},"11":{"start":{"line":21,"column":4},"end":{"line":24,"column":6}},"12":{"start":{"line":26,"column":4},"end":{"line":26,"column":58}},"13":{"start":{"line":27,"column":4},"end":{"line":30,"column":6}},"14":{"start":{"line":5,"column":13},"end":{"line":5,"column":35}}},"fnMap":{"0":{"name":"(anonymous_7)","decl":{"start":{"line":5,"column":35},"end":{"line":5,"column":42}},"loc":{"start":{"line":5,"column":105},"end":{"line":32,"column":2}}},"1":{"name":"(anonymous_8)","decl":{"start":{"line":5,"column":105},"end":{"line":5,"column":null}},"loc":{"start":{"line":5,"column":105},"end":{"line":32,"column":1}}}},"branchMap":{"0":{"loc":{"start":{"line":7,"column":36},"end":{"line":7,"column":54}},"type":"binary-expr","locations":[{"start":{"line":7,"column":36},"end":{"line":7,"column":46}},{"start":{"line":7,"column":50},"end":{"line":7,"column":54}}]},"1":{"loc":{"start":{"line":11,"column":4},"end":{"line":17,"column":5}},"type":"if","locations":[{"start":{"line":11,"column":4},"end":{"line":17,"column":5}}]}},"s":{"0":1,"1":1,"2":1,"3":3,"4":3,"5":3,"6":2,"7":2,"8":1,"9":1,"10":1,"11":1,"12":1,"13":1,"14":1},"f":{"0":3,"1":3},"b":{"0":[3,0],"1":[1]}}
,"/Users/anfegu/Documents/Celerik/returned-notification-lambda-service/source/utils/logger.ts": {"path":"/Users/anfegu/Documents/Celerik/returned-notification-lambda-service/source/utils/logger.ts","statementMap":{"0":{"start":{"line":1,"column":13},"end":{"line":8,"column":4}},"1":{"start":{"line":3,"column":6},"end":{"line":3,"column":51}},"2":{"start":{"line":6,"column":6},"end":{"line":6,"column":55}}},"fnMap":{"0":{"name":"(anonymous_0)","decl":{"start":{"line":2,"column":10},"end":{"line":2,"column":11}},"loc":{"start":{"line":2,"column":42},"end":{"line":4,"column":5}}},"1":{"name":"(anonymous_1)","decl":{"start":{"line":5,"column":11},"end":{"line":5,"column":12}},"loc":{"start":{"line":5,"column":44},"end":{"line":7,"column":5}}}},"branchMap":{"0":{"loc":{"start":{"line":3,"column":39},"end":{"line":3,"column":49}},"type":"binary-expr","locations":[{"start":{"line":3,"column":39},"end":{"line":3,"column":43}},{"start":{"line":3,"column":47},"end":{"line":3,"column":49}}]},"1":{"loc":{"start":{"line":6,"column":42},"end":{"line":6,"column":53}},"type":"binary-expr","locations":[{"start":{"line":6,"column":42},"end":{"line":6,"column":47}},{"start":{"line":6,"column":51},"end":{"line":6,"column":53}}]}},"s":{"0":2,"1":0,"2":0},"f":{"0":0,"1":0},"b":{"0":[0,0],"1":[0,0]}}
,"/Users/anfegu/Documents/Celerik/returned-notification-lambda-service/source/utils/validatePayload.ts": {"path":"/Users/anfegu/Documents/Celerik/returned-notification-lambda-service/source/utils/validatePayload.ts","statementMap":{"0":{"start":{"line":1,"column":43},"end":{"line":9,"column":3}},"1":{"start":{"line":2,"column":4},"end":{"line":4,"column":5}},"2":{"start":{"line":3,"column":6},"end":{"line":3,"column":48}},"3":{"start":{"line":5,"column":4},"end":{"line":7,"column":5}},"4":{"start":{"line":6,"column":6},"end":{"line":6,"column":51}},"5":{"start":{"line":8,"column":4},"end":{"line":8,"column":16}},"6":{"start":{"line":1,"column":13},"end":{"line":1,"column":43}}},"fnMap":{"0":{"name":"(anonymous_0)","decl":{"start":{"line":1,"column":43},"end":{"line":1,"column":44}},"loc":{"start":{"line":1,"column":75},"end":{"line":9,"column":3}}}},"branchMap":{"0":{"loc":{"start":{"line":2,"column":4},"end":{"line":4,"column":5}},"type":"if","locations":[{"start":{"line":2,"column":4},"end":{"line":4,"column":5}}]},"1":{"loc":{"start":{"line":2,"column":8},"end":{"line":2,"column":65}},"type":"binary-expr","locations":[{"start":{"line":2,"column":8},"end":{"line":2,"column":21}},{"start":{"line":2,"column":25},"end":{"line":2,"column":65}}]},"2":{"loc":{"start":{"line":5,"column":4},"end":{"line":7,"column":5}},"type":"if","locations":[{"start":{"line":5,"column":4},"end":{"line":7,"column":5}}]},"3":{"loc":{"start":{"line":5,"column":8},"end":{"line":5,"column":63}},"type":"binary-expr","locations":[{"start":{"line":5,"column":8},"end":{"line":5,"column":24}},{"start":{"line":5,"column":28},"end":{"line":5,"column":63}}]}},"s":{"0":2,"1":4,"2":2,"3":2,"4":1,"5":1,"6":2},"f":{"0":4},"b":{"0":[2],"1":[4,3],"2":[1],"3":[2,1]}}
}
