{"/Users/anfegu/Documents/Celerik/returned-notification-lambda-service/source/handlers/getNotifications.ts": {"path":"/Users/anfegu/Documents/Celerik/returned-notification-lambda-service/source/handlers/getNotifications.ts","statementMap":{"0":{"start":{"line":2,"column":0},"end":{"line":2,"column":41}},"1":{"start":{"line":5,"column":32},"end":{"line":26,"column":2}},"2":{"start":{"line":7,"column":36},"end":{"line":26,"column":2}},"3":{"start":{"line":8,"column":2},"end":{"line":25,"column":3}},"4":{"start":{"line":9,"column":46},"end":{"line":12,"column":6}},"5":{"start":{"line":13,"column":4},"end":{"line":13,"column":62}},"6":{"start":{"line":15,"column":4},"end":{"line":18,"column":6}},"7":{"start":{"line":20,"column":4},"end":{"line":20,"column":57}},"8":{"start":{"line":21,"column":4},"end":{"line":24,"column":6}},"9":{"start":{"line":5,"column":13},"end":{"line":5,"column":32}}},"fnMap":{"0":{"name":"(anonymous_7)","decl":{"start":{"line":5,"column":32},"end":{"line":5,"column":null}},"loc":{"start":{"line":7,"column":36},"end":{"line":26,"column":2}}},"1":{"name":"(anonymous_8)","decl":{"start":{"line":7,"column":36},"end":{"line":7,"column":null}},"loc":{"start":{"line":7,"column":36},"end":{"line":26,"column":1}}}},"branchMap":{},"s":{"0":1,"1":1,"2":1,"3":1,"4":1,"5":1,"6":1,"7":0,"8":0,"9":1},"f":{"0":1,"1":1},"b":{}}
,"/Users/anfegu/Documents/Celerik/returned-notification-lambda-service/source/handlers/processNotification.ts": {"path":"/Users/anfegu/Documents/Celerik/returned-notification-lambda-service/source/handlers/processNotification.ts","statementMap":{"0":{"start":{"line":2,"column":0},"end":{"line":2,"column":71}},"1":{"start":{"line":3,"column":0},"end":{"line":3,"column":41}},"2":{"start":{"line":6,"column":35},"end":{"line":33,"column":2}},"3":{"start":{"line":6,"column":105},"end":{"line":33,"column":2}},"4":{"start":{"line":7,"column":2},"end":{"line":32,"column":3}},"5":{"start":{"line":8,"column":39},"end":{"line":8,"column":69}},"6":{"start":{"line":11,"column":28},"end":{"line":11,"column":69}},"7":{"start":{"line":12,"column":4},"end":{"line":18,"column":5}},"8":{"start":{"line":13,"column":6},"end":{"line":13,"column":70}},"9":{"start":{"line":14,"column":6},"end":{"line":17,"column":8}},"10":{"start":{"line":21,"column":4},"end":{"line":21,"column":58}},"11":{"start":{"line":22,"column":4},"end":{"line":25,"column":6}},"12":{"start":{"line":27,"column":4},"end":{"line":27,"column":58}},"13":{"start":{"line":28,"column":4},"end":{"line":31,"column":6}},"14":{"start":{"line":6,"column":13},"end":{"line":6,"column":35}}},"fnMap":{"0":{"name":"(anonymous_7)","decl":{"start":{"line":6,"column":35},"end":{"line":6,"column":42}},"loc":{"start":{"line":6,"column":105},"end":{"line":33,"column":2}}},"1":{"name":"(anonymous_8)","decl":{"start":{"line":6,"column":105},"end":{"line":6,"column":null}},"loc":{"start":{"line":6,"column":105},"end":{"line":33,"column":1}}}},"branchMap":{"0":{"loc":{"start":{"line":8,"column":50},"end":{"line":8,"column":68}},"type":"binary-expr","locations":[{"start":{"line":8,"column":50},"end":{"line":8,"column":60}},{"start":{"line":8,"column":64},"end":{"line":8,"column":68}}]},"1":{"loc":{"start":{"line":12,"column":4},"end":{"line":18,"column":5}},"type":"if","locations":[{"start":{"line":12,"column":4},"end":{"line":18,"column":5}}]}},"s":{"0":1,"1":1,"2":1,"3":3,"4":3,"5":3,"6":2,"7":2,"8":1,"9":1,"10":1,"11":1,"12":1,"13":1,"14":1},"f":{"0":3,"1":3},"b":{"0":[3,0],"1":[1]}}
,"/Users/anfegu/Documents/Celerik/returned-notification-lambda-service/source/utils/logger.ts": {"path":"/Users/anfegu/Documents/Celerik/returned-notification-lambda-service/source/utils/logger.ts","statementMap":{"0":{"start":{"line":1,"column":13},"end":{"line":8,"column":4}},"1":{"start":{"line":3,"column":6},"end":{"line":3,"column":51}},"2":{"start":{"line":6,"column":6},"end":{"line":6,"column":55}}},"fnMap":{"0":{"name":"(anonymous_0)","decl":{"start":{"line":2,"column":10},"end":{"line":2,"column":11}},"loc":{"start":{"line":2,"column":42},"end":{"line":4,"column":5}}},"1":{"name":"(anonymous_1)","decl":{"start":{"line":5,"column":11},"end":{"line":5,"column":12}},"loc":{"start":{"line":5,"column":44},"end":{"line":7,"column":5}}}},"branchMap":{"0":{"loc":{"start":{"line":3,"column":39},"end":{"line":3,"column":49}},"type":"binary-expr","locations":[{"start":{"line":3,"column":39},"end":{"line":3,"column":43}},{"start":{"line":3,"column":47},"end":{"line":3,"column":49}}]},"1":{"loc":{"start":{"line":6,"column":42},"end":{"line":6,"column":53}},"type":"binary-expr","locations":[{"start":{"line":6,"column":42},"end":{"line":6,"column":47}},{"start":{"line":6,"column":51},"end":{"line":6,"column":53}}]}},"s":{"0":2,"1":1,"2":0},"f":{"0":1,"1":0},"b":{"0":[1,0],"1":[0,0]}}
,"/Users/anfegu/Documents/Celerik/returned-notification-lambda-service/source/utils/validatePayload.ts": {"path":"/Users/anfegu/Documents/Celerik/returned-notification-lambda-service/source/utils/validatePayload.ts","statementMap":{"0":{"start":{"line":3,"column":43},"end":{"line":22,"column":1}},"1":{"start":{"line":4,"column":41},"end":{"line":4,"column":57}},"2":{"start":{"line":6,"column":2},"end":{"line":8,"column":3}},"3":{"start":{"line":7,"column":4},"end":{"line":7,"column":46}},"4":{"start":{"line":9,"column":2},"end":{"line":11,"column":3}},"5":{"start":{"line":10,"column":4},"end":{"line":10,"column":49}},"6":{"start":{"line":13,"column":2},"end":{"line":15,"column":3}},"7":{"start":{"line":14,"column":4},"end":{"line":14,"column":76}},"8":{"start":{"line":17,"column":2},"end":{"line":19,"column":3}},"9":{"start":{"line":18,"column":4},"end":{"line":18,"column":82}},"10":{"start":{"line":21,"column":2},"end":{"line":21,"column":14}},"11":{"start":{"line":3,"column":13},"end":{"line":3,"column":43}}},"fnMap":{"0":{"name":"(anonymous_0)","decl":{"start":{"line":3,"column":43},"end":{"line":3,"column":44}},"loc":{"start":{"line":3,"column":75},"end":{"line":22,"column":1}}}},"branchMap":{"0":{"loc":{"start":{"line":6,"column":2},"end":{"line":8,"column":3}},"type":"if","locations":[{"start":{"line":6,"column":2},"end":{"line":8,"column":3}}]},"1":{"loc":{"start":{"line":6,"column":6},"end":{"line":6,"column":57}},"type":"binary-expr","locations":[{"start":{"line":6,"column":6},"end":{"line":6,"column":19}},{"start":{"line":6,"column":23},"end":{"line":6,"column":57}}]},"2":{"loc":{"start":{"line":9,"column":2},"end":{"line":11,"column":3}},"type":"if","locations":[{"start":{"line":9,"column":2},"end":{"line":11,"column":3}}]},"3":{"loc":{"start":{"line":9,"column":6},"end":{"line":9,"column":61}},"type":"binary-expr","locations":[{"start":{"line":9,"column":6},"end":{"line":9,"column":22}},{"start":{"line":9,"column":26},"end":{"line":9,"column":61}}]},"4":{"loc":{"start":{"line":13,"column":2},"end":{"line":15,"column":3}},"type":"if","locations":[{"start":{"line":13,"column":2},"end":{"line":15,"column":3}}]},"5":{"loc":{"start":{"line":13,"column":6},"end":{"line":13,"column":72}},"type":"binary-expr","locations":[{"start":{"line":13,"column":6},"end":{"line":13,"column":30}},{"start":{"line":13,"column":35},"end":{"line":13,"column":51}},{"start":{"line":13,"column":55},"end":{"line":13,"column":71}}]},"6":{"loc":{"start":{"line":17,"column":2},"end":{"line":19,"column":3}},"type":"if","locations":[{"start":{"line":17,"column":2},"end":{"line":19,"column":3}}]},"7":{"loc":{"start":{"line":17,"column":6},"end":{"line":17,"column":78}},"type":"binary-expr","locations":[{"start":{"line":17,"column":6},"end":{"line":17,"column":28}},{"start":{"line":17,"column":33},"end":{"line":17,"column":53}},{"start":{"line":17,"column":57},"end":{"line":17,"column":77}}]}},"s":{"0":2,"1":7,"2":7,"3":2,"4":5,"5":1,"6":4,"7":1,"8":3,"9":1,"10":2,"11":2},"f":{"0":7},"b":{"0":[2],"1":[7,6],"2":[1],"3":[5,4],"4":[1],"5":[4,2,1],"6":[1],"7":[3,2,1]}}
}
