TN:
SF:source/handlers/getNotifications.ts
FN:4,(anonymous_7)
FN:4,(anonymous_8)
FNF:2
FNH:2
FNDA:1,(anonymous_7)
FNDA:1,(anonymous_8)
DA:2,1
DA:4,1
DA:5,1
DA:6,1
DA:12,1
DA:14,1
DA:19,0
DA:20,0
LF:8
LH:6
BRF:0
BRH:0
end_of_record
TN:
SF:source/handlers/processNotification.ts
FN:5,(anonymous_7)
FN:5,(anonymous_8)
FNF:2
FNH:2
FNDA:3,(anonymous_7)
FNDA:3,(anonymous_8)
DA:2,1
DA:3,1
DA:5,3
DA:6,3
DA:7,3
DA:10,2
DA:11,2
DA:12,1
DA:13,1
DA:20,1
DA:21,1
DA:26,1
DA:27,1
LF:13
LH:13
BRDA:7,0,0,3
BRDA:7,0,1,0
BRDA:11,1,0,1
BRF:3
BRH:2
end_of_record
TN:
SF:source/utils/logger.ts
FN:2,(anonymous_0)
FN:5,(anonymous_1)
FNF:2
FNH:0
FNDA:0,(anonymous_0)
FNDA:0,(anonymous_1)
DA:1,2
DA:3,0
DA:6,0
LF:3
LH:1
BRDA:3,0,0,0
BRDA:3,0,1,0
BRDA:6,1,0,0
BRDA:6,1,1,0
BRF:4
BRH:0
end_of_record
TN:
SF:source/utils/validatePayload.ts
FN:1,(anonymous_0)
FNF:1
FNH:1
FNDA:4,(anonymous_0)
DA:1,2
DA:2,4
DA:3,2
DA:5,2
DA:6,1
DA:8,1
LF:6
LH:6
BRDA:2,0,0,2
BRDA:2,1,0,4
BRDA:2,1,1,3
BRDA:5,2,0,1
BRDA:5,3,0,2
BRDA:5,3,1,1
BRF:6
BRH:6
end_of_record
