TN:
SF:source/handlers/getNotifications.ts
FN:5,(anonymous_7)
FN:7,(anonymous_8)
FNF:2
FNH:2
FNDA:1,(anonymous_7)
FNDA:1,(anonymous_8)
DA:2,1
DA:5,1
DA:7,1
DA:8,1
DA:9,1
DA:13,1
DA:15,1
DA:20,0
DA:21,0
LF:9
LH:7
BRF:0
BRH:0
end_of_record
TN:
SF:source/handlers/processNotification.ts
FN:6,(anonymous_7)
FN:6,(anonymous_8)
FNF:2
FNH:2
FNDA:3,(anonymous_7)
FNDA:3,(anonymous_8)
DA:2,1
DA:3,1
DA:6,3
DA:7,3
DA:8,3
DA:11,2
DA:12,2
DA:13,1
DA:14,1
DA:21,1
DA:22,1
DA:27,1
DA:28,1
LF:13
LH:13
BRDA:8,0,0,3
BRDA:8,0,1,0
BRDA:12,1,0,1
BRF:3
BRH:2
end_of_record
TN:
SF:source/utils/logger.ts
FN:2,(anonymous_0)
FN:5,(anonymous_1)
FNF:2
FNH:1
FNDA:1,(anonymous_0)
FNDA:0,(anonymous_1)
DA:1,2
DA:3,1
DA:6,0
LF:3
LH:2
BRDA:3,0,0,1
BRDA:3,0,1,0
BRDA:6,1,0,0
BRDA:6,1,1,0
BRF:4
BRH:1
end_of_record
TN:
SF:source/utils/validatePayload.ts
FN:3,(anonymous_0)
FNF:1
FNH:1
FNDA:7,(anonymous_0)
DA:3,2
DA:4,7
DA:6,7
DA:7,2
DA:9,5
DA:10,1
DA:13,4
DA:14,1
DA:17,3
DA:18,1
DA:21,2
LF:11
LH:11
BRDA:6,0,0,2
BRDA:6,1,0,7
BRDA:6,1,1,6
BRDA:9,2,0,1
BRDA:9,3,0,5
BRDA:9,3,1,4
BRDA:13,4,0,1
BRDA:13,5,0,4
BRDA:13,5,1,2
BRDA:13,5,2,1
BRDA:17,6,0,1
BRDA:17,7,0,3
BRDA:17,7,1,2
BRDA:17,7,2,1
BRF:14
BRH:14
end_of_record
